2025-09-12 10:26:38,295 - download - ERROR - Unexpected error during login: Login failed: No session cookie obtained. Check credentials.
2025-09-12 10:26:38,296 - download - ERROR - Error in download_dou_xml: Login failed: No session cookie obtained. Check credentials.
2025-09-12 10:34:07,671 - download - INFO - INLABS login successful.
2025-09-12 10:34:07,695 - download - INFO - Download directory set up: downloads\2025-09-12
2025-09-12 10:34:07,696 - download - INFO - Downloading 2025-09-12-DO1.zip...
2025-09-12 10:34:08,726 - download - INFO - Downloaded successfully: downloads\2025-09-12\2025-09-12-DO1.zip
2025-09-12 10:34:08,726 - download - INFO - Downloading 2025-09-12-DO1E.zip...
2025-09-12 10:34:08,885 - download - WARNING - Not found: 2025-09-12-DO1E.zip
2025-09-12 10:34:08,897 - download - INFO - Download completed. Files: 1
2025-09-12 10:35:57,768 - download - INFO - INLABS login successful.
2025-09-12 10:35:57,769 - download - INFO - Download directory set up: downloads\2025-09-12
2025-09-12 10:35:57,769 - download - INFO - Downloading 2025-09-12-DO1.zip...
2025-09-12 10:36:00,704 - download - INFO - Downloaded successfully: downloads\2025-09-12\2025-09-12-DO1.zip
2025-09-12 10:36:00,705 - download - INFO - Downloading 2025-09-12-DO1E.zip...
2025-09-12 10:36:00,855 - download - WARNING - Not found: 2025-09-12-DO1E.zip
2025-09-12 10:36:00,855 - download - INFO - Download completed. Files: 1
2025-09-12 10:37:31,248 - download - INFO - INLABS login successful.
2025-09-12 10:37:31,250 - download - INFO - Download directory set up: downloads\2025-09-12
2025-09-12 10:37:31,250 - download - INFO - Downloading 2025-09-12-DO1.zip...
2025-09-12 10:37:31,972 - download - INFO - Downloaded successfully: downloads\2025-09-12\2025-09-12-DO1.zip
2025-09-12 10:37:31,972 - download - INFO - Downloading 2025-09-12-DO1E.zip...
2025-09-12 10:37:32,128 - download - WARNING - Not found: 2025-09-12-DO1E.zip
2025-09-12 10:37:32,129 - download - INFO - Download completed. Files: 1
2025-09-12 10:52:23,263 - download - INFO - INLABS login successful.
2025-09-12 10:52:23,592 - download - INFO - Download directory set up: downloads\2025-09-12
2025-09-12 10:52:23,592 - download - INFO - Downloading 2025-09-12-DO1.zip...
2025-09-12 10:52:24,443 - download - INFO - Downloaded successfully: downloads\2025-09-12\2025-09-12-DO1.zip
2025-09-12 10:52:24,443 - download - INFO - Downloading 2025-09-12-DO1E.zip...
2025-09-12 10:52:24,590 - download - WARNING - Not found: 2025-09-12-DO1E.zip
2025-09-12 10:52:24,590 - download - INFO - Download completed. Files: 1
2025-09-12 10:55:10,626 - download - INFO - INLABS login successful.
2025-09-12 10:55:10,626 - download - INFO - Download directory set up: downloads\2025-09-12
2025-09-12 10:55:10,626 - download - INFO - Downloading 2025-09-12-DO1.zip...
2025-09-12 10:55:11,291 - download - INFO - Downloaded successfully: downloads\2025-09-12\2025-09-12-DO1.zip
2025-09-12 10:55:11,292 - download - INFO - Downloading 2025-09-12-DO1E.zip...
2025-09-12 10:55:11,430 - download - WARNING - Not found: 2025-09-12-DO1E.zip
2025-09-12 10:55:11,430 - download - INFO - Download completed. Files: 1
2025-09-12 10:55:57,003 - download - INFO - INLABS login successful.
2025-09-12 10:55:57,004 - download - INFO - Download directory set up: downloads\2025-09-12
2025-09-12 10:55:57,004 - download - INFO - Downloading 2025-09-12-DO1.zip...
2025-09-12 10:55:59,270 - download - INFO - Downloaded successfully: downloads\2025-09-12\2025-09-12-DO1.zip
2025-09-12 10:55:59,270 - download - INFO - Downloading 2025-09-12-DO1E.zip...
2025-09-12 10:55:59,472 - download - WARNING - Not found: 2025-09-12-DO1E.zip
2025-09-12 10:55:59,473 - download - INFO - Download completed. Files: 1
2025-09-12 11:06:35,645 - download - INFO - INLABS login successful.
2025-09-12 11:06:35,647 - download - INFO - Download directory set up: downloads\2025-09-12
2025-09-12 11:06:35,647 - download - INFO - Downloading 2025-09-12-DO1.zip...
2025-09-12 11:06:36,835 - download - INFO - Downloaded successfully: downloads\2025-09-12\2025-09-12-DO1.zip
2025-09-12 11:06:36,836 - download - INFO - Downloading 2025-09-12-DO1E.zip...
2025-09-12 11:06:36,986 - download - WARNING - Not found: 2025-09-12-DO1E.zip
2025-09-12 11:06:36,986 - download - INFO - Download completed. Files: 1
2025-09-12 13:37:06,005 - download - INFO - INLABS login successful.
2025-09-12 13:37:06,005 - download - INFO - Download directory set up: downloads\2025-09-12
2025-09-12 13:37:06,006 - download - INFO - Downloading 2025-09-12-DO1.zip...
2025-09-12 13:37:07,704 - download - INFO - Downloaded successfully: downloads\2025-09-12\2025-09-12-DO1.zip
2025-09-12 13:37:07,705 - download - INFO - Downloading 2025-09-12-DO1E.zip...
2025-09-12 13:37:07,849 - download - WARNING - Not found: 2025-09-12-DO1E.zip
2025-09-12 13:37:07,849 - download - INFO - Download completed. Files: 1
2025-09-12 13:49:53,104 - download - INFO - INLABS login successful.
2025-09-12 13:49:53,105 - download - INFO - Download directory set up: downloads\2025-09-12
2025-09-12 13:49:53,105 - download - INFO - Downloading 2025-09-12-DO1.zip...
2025-09-12 13:49:54,229 - download - INFO - Downloaded successfully: downloads\2025-09-12\2025-09-12-DO1.zip
2025-09-12 13:49:54,229 - download - INFO - Downloading 2025-09-12-DO1E.zip...
2025-09-12 13:49:54,377 - download - WARNING - Not found: 2025-09-12-DO1E.zip
2025-09-12 13:49:54,377 - download - INFO - Download completed. Files: 1
2025-09-12 13:50:53,711 - download - INFO - INLABS login successful.
2025-09-12 13:50:53,711 - download - INFO - Download directory set up: downloads\2025-09-12
2025-09-12 13:50:53,712 - download - INFO - File already exists: downloads\2025-09-12\2025-09-12-DO1.zip. Skipping download.
2025-09-12 13:50:53,712 - download - INFO - Downloading 2025-09-12-DO1E.zip...
2025-09-12 13:50:53,939 - download - WARNING - Not found: 2025-09-12-DO1E.zip
2025-09-12 13:50:53,939 - download - INFO - Download completed. Files: 1
2025-09-12 13:52:12,088 - download - INFO - INLABS login successful.
2025-09-12 13:52:12,089 - download - INFO - Download directory set up: downloads\2025-09-12
2025-09-12 13:52:12,089 - download - INFO - File already exists: downloads\2025-09-12\2025-09-12-DO1.zip. Skipping download.
2025-09-12 13:52:12,089 - download - INFO - Downloading 2025-09-12-DO1E.zip...
2025-09-12 13:52:12,240 - download - WARNING - Not found: 2025-09-12-DO1E.zip
2025-09-12 13:52:12,241 - download - INFO - Download completed. Files: 1
2025-09-12 13:58:24,188 - download - INFO - INLABS login successful.
2025-09-12 13:58:24,188 - download - INFO - Download directory set up: downloads\2025-09-12
2025-09-12 13:58:24,189 - download - INFO - File already exists: downloads\2025-09-12\2025-09-12-DO1.zip. Skipping download.
2025-09-12 13:58:24,189 - download - INFO - Downloading 2025-09-12-DO1E.zip...
2025-09-12 13:58:24,354 - download - WARNING - Not found: 2025-09-12-DO1E.zip
2025-09-12 13:58:24,354 - download - INFO - Download completed. Files: 1
2025-09-12 13:58:34,363 - download - INFO - INLABS login successful.
2025-09-12 13:58:34,365 - download - INFO - Download directory set up: downloads\2025-09-12
2025-09-12 13:58:34,366 - download - INFO - File already exists: downloads\2025-09-12\2025-09-12-DO1.zip. Skipping download.
2025-09-12 13:58:34,366 - download - INFO - Downloading 2025-09-12-DO1E.zip...
2025-09-12 13:58:34,512 - download - WARNING - Not found: 2025-09-12-DO1E.zip
2025-09-12 13:58:34,512 - download - INFO - Download completed. Files: 1
2025-09-12 14:09:20,491 - download - INFO - INLABS login successful.
2025-09-12 14:09:20,492 - download - INFO - Download directory set up: downloads\2025-09-12
2025-09-12 14:09:20,492 - download - INFO - File already exists: downloads\2025-09-12\2025-09-12-DO1.zip. Skipping download.
2025-09-12 14:09:20,493 - download - INFO - Downloading 2025-09-12-DO1E.zip...
2025-09-12 14:09:20,605 - download - WARNING - Not found: 2025-09-12-DO1E.zip
2025-09-12 14:09:20,605 - download - INFO - Download completed. Files: 1
2025-09-12 14:09:59,981 - download - INFO - INLABS login successful.
2025-09-12 14:09:59,982 - download - INFO - Download directory set up: downloads\2025-09-12
2025-09-12 14:09:59,983 - download - INFO - File already exists: downloads\2025-09-12\2025-09-12-DO1.zip. Skipping download.
2025-09-12 14:09:59,983 - download - INFO - Downloading 2025-09-12-DO1E.zip...
2025-09-12 14:10:00,139 - download - WARNING - Not found: 2025-09-12-DO1E.zip
2025-09-12 14:10:00,140 - download - INFO - Download completed. Files: 1
2025-09-12 14:10:05,667 - download - INFO - INLABS login successful.
2025-09-12 14:10:05,668 - download - INFO - Download directory set up: downloads\2025-09-12
2025-09-12 14:10:05,669 - download - INFO - File already exists: downloads\2025-09-12\2025-09-12-DO1.zip. Skipping download.
2025-09-12 14:10:05,669 - download - INFO - Downloading 2025-09-12-DO1E.zip...
2025-09-12 14:10:05,834 - download - WARNING - Not found: 2025-09-12-DO1E.zip
2025-09-12 14:10:05,835 - download - INFO - Download completed. Files: 1
2025-09-12 14:10:09,637 - download - INFO - INLABS login successful.
2025-09-12 14:10:09,638 - download - INFO - Download directory set up: downloads\2025-09-12
2025-09-12 14:10:09,638 - download - INFO - File already exists: downloads\2025-09-12\2025-09-12-DO1.zip. Skipping download.
2025-09-12 14:10:09,639 - download - INFO - Downloading 2025-09-12-DO1E.zip...
2025-09-12 14:10:09,807 - download - WARNING - Not found: 2025-09-12-DO1E.zip
2025-09-12 14:10:09,807 - download - INFO - Download completed. Files: 1
2025-09-12 14:10:13,843 - download - INFO - INLABS login successful.
2025-09-12 14:10:13,844 - download - INFO - Download directory set up: downloads\2025-09-12
2025-09-12 14:10:13,844 - download - INFO - File already exists: downloads\2025-09-12\2025-09-12-DO1.zip. Skipping download.
2025-09-12 14:10:13,845 - download - INFO - Downloading 2025-09-12-DO1E.zip...
2025-09-12 14:10:14,000 - download - WARNING - Not found: 2025-09-12-DO1E.zip
2025-09-12 14:10:14,000 - download - INFO - Download completed. Files: 1
2025-09-12 14:10:26,725 - download - INFO - INLABS login successful.
2025-09-12 14:10:26,726 - download - INFO - Download directory set up: downloads\2025-09-12
2025-09-12 14:10:26,726 - download - INFO - File already exists: downloads\2025-09-12\2025-09-12-DO1.zip. Skipping download.
2025-09-12 14:10:26,726 - download - INFO - Downloading 2025-09-12-DO1E.zip...
2025-09-12 14:10:26,867 - download - WARNING - Not found: 2025-09-12-DO1E.zip
2025-09-12 14:10:26,868 - download - INFO - Download completed. Files: 1
2025-09-12 14:10:30,692 - download - INFO - INLABS login successful.
2025-09-12 14:10:30,693 - download - INFO - Download directory set up: downloads\2025-09-12
2025-09-12 14:10:30,694 - download - INFO - File already exists: downloads\2025-09-12\2025-09-12-DO1.zip. Skipping download.
2025-09-12 14:10:30,694 - download - INFO - Downloading 2025-09-12-DO1E.zip...
2025-09-12 14:10:30,828 - download - WARNING - Not found: 2025-09-12-DO1E.zip
2025-09-12 14:10:30,829 - download - INFO - Download completed. Files: 1
2025-09-12 14:12:42,972 - download - INFO - INLABS login successful.
2025-09-12 14:12:42,973 - download - INFO - Download directory set up: downloads\2025-09-12
2025-09-12 14:12:42,974 - download - INFO - File already exists: downloads\2025-09-12\2025-09-12-DO1.zip. Skipping download.
2025-09-12 14:12:42,974 - download - INFO - Downloading 2025-09-12-DO1E.zip...
2025-09-12 14:12:43,116 - download - WARNING - Not found: 2025-09-12-DO1E.zip
2025-09-12 14:12:43,117 - download - INFO - Download completed. Files: 1
2025-09-12 14:12:48,874 - download - INFO - INLABS login successful.
2025-09-12 14:12:48,875 - download - INFO - Download directory set up: downloads\2025-09-12
2025-09-12 14:12:48,876 - download - INFO - File already exists: downloads\2025-09-12\2025-09-12-DO1.zip. Skipping download.
2025-09-12 14:12:48,876 - download - INFO - Downloading 2025-09-12-DO1E.zip...
2025-09-12 14:12:49,021 - download - WARNING - Not found: 2025-09-12-DO1E.zip
2025-09-12 14:12:49,022 - download - INFO - Download completed. Files: 1
2025-09-12 14:13:02,424 - download - INFO - INLABS login successful.
2025-09-12 14:13:02,425 - download - INFO - Download directory set up: downloads\2025-09-12
2025-09-12 14:13:02,425 - download - INFO - File already exists: downloads\2025-09-12\2025-09-12-DO1.zip. Skipping download.
2025-09-12 14:13:02,425 - download - INFO - Downloading 2025-09-12-DO1E.zip...
2025-09-12 14:13:02,549 - download - WARNING - Not found: 2025-09-12-DO1E.zip
2025-09-12 14:13:02,549 - download - INFO - Download completed. Files: 1
2025-09-12 14:13:25,153 - download - INFO - INLABS login successful.
2025-09-12 14:13:25,154 - download - INFO - Download directory set up: downloads\2025-09-12
2025-09-12 14:13:25,154 - download - INFO - File already exists: downloads\2025-09-12\2025-09-12-DO1.zip. Skipping download.
2025-09-12 14:13:25,155 - download - INFO - Downloading 2025-09-12-DO1E.zip...
2025-09-12 14:13:25,302 - download - WARNING - Not found: 2025-09-12-DO1E.zip
2025-09-12 14:13:25,302 - download - INFO - Download completed. Files: 1
2025-09-12 14:13:29,851 - download - INFO - INLABS login successful.
2025-09-12 14:13:29,852 - download - INFO - Download directory set up: downloads\2025-09-12
2025-09-12 14:13:29,852 - download - INFO - File already exists: downloads\2025-09-12\2025-09-12-DO1.zip. Skipping download.
2025-09-12 14:13:29,852 - download - INFO - Downloading 2025-09-12-DO1E.zip...
2025-09-12 14:13:29,949 - download - WARNING - Not found: 2025-09-12-DO1E.zip
2025-09-12 14:13:29,949 - download - INFO - Download completed. Files: 1
2025-09-12 14:13:33,848 - download - INFO - INLABS login successful.
2025-09-12 14:13:33,849 - download - INFO - Download directory set up: downloads\2025-09-12
2025-09-12 14:13:33,850 - download - INFO - File already exists: downloads\2025-09-12\2025-09-12-DO1.zip. Skipping download.
2025-09-12 14:13:33,850 - download - INFO - Downloading 2025-09-12-DO1E.zip...
2025-09-12 14:13:34,022 - download - WARNING - Not found: 2025-09-12-DO1E.zip
2025-09-12 14:13:34,022 - download - INFO - Download completed. Files: 1
2025-09-12 14:14:40,069 - download - INFO - INLABS login successful.
2025-09-12 14:14:40,070 - download - INFO - Download directory set up: downloads\2025-09-12
2025-09-12 14:14:40,070 - download - INFO - File already exists: downloads\2025-09-12\2025-09-12-DO1.zip. Skipping download.
2025-09-12 14:14:40,070 - download - INFO - Downloading 2025-09-12-DO1E.zip...
2025-09-12 14:14:40,222 - download - WARNING - Not found: 2025-09-12-DO1E.zip
2025-09-12 14:14:40,222 - download - INFO - Download completed. Files: 1
2025-09-12 14:18:37,346 - download - INFO - INLABS login successful.
2025-09-12 14:18:37,347 - download - INFO - Download directory set up: downloads\2025-09-12
2025-09-12 14:18:37,347 - download - INFO - File already exists: downloads\2025-09-12\2025-09-12-DO1.zip. Skipping download.
2025-09-12 14:18:37,347 - download - INFO - Downloading 2025-09-12-DO1E.zip...
2025-09-12 14:18:37,495 - download - WARNING - Not found: 2025-09-12-DO1E.zip
2025-09-12 14:18:37,505 - download - INFO - Download completed. Files: 1
2025-09-12 14:18:38,949 - download - INFO - INLABS login successful.
2025-09-12 14:18:38,949 - download - INFO - Download directory set up: downloads\2025-09-12
2025-09-12 14:18:38,950 - download - INFO - File already exists: downloads\2025-09-12\2025-09-12-DO1.zip. Skipping download.
2025-09-12 14:18:38,950 - download - INFO - Downloading 2025-09-12-DO1E.zip...
2025-09-12 14:18:39,093 - download - WARNING - Not found: 2025-09-12-DO1E.zip
2025-09-12 14:18:39,094 - download - INFO - Download completed. Files: 1
2025-09-12 14:18:40,634 - download - INFO - INLABS login successful.
2025-09-12 14:18:40,635 - download - INFO - Download directory set up: downloads\2025-09-12
2025-09-12 14:18:40,635 - download - INFO - File already exists: downloads\2025-09-12\2025-09-12-DO1.zip. Skipping download.
2025-09-12 14:18:40,635 - download - INFO - Downloading 2025-09-12-DO1E.zip...
2025-09-12 14:18:40,789 - download - WARNING - Not found: 2025-09-12-DO1E.zip
2025-09-12 14:18:40,790 - download - INFO - Download completed. Files: 1
2025-09-12 14:18:42,239 - download - INFO - INLABS login successful.
2025-09-12 14:18:42,240 - download - INFO - Download directory set up: downloads\2025-09-12
2025-09-12 14:18:42,240 - download - INFO - File already exists: downloads\2025-09-12\2025-09-12-DO1.zip. Skipping download.
2025-09-12 14:18:42,240 - download - INFO - Downloading 2025-09-12-DO1E.zip...
2025-09-12 14:18:42,350 - download - WARNING - Not found: 2025-09-12-DO1E.zip
2025-09-12 14:18:42,350 - download - INFO - Download completed. Files: 1
2025-09-12 14:18:43,731 - download - INFO - INLABS login successful.
2025-09-12 14:18:43,731 - download - INFO - Download directory set up: downloads\2025-09-12
2025-09-12 14:18:43,732 - download - INFO - File already exists: downloads\2025-09-12\2025-09-12-DO1.zip. Skipping download.
2025-09-12 14:18:43,732 - download - INFO - Downloading 2025-09-12-DO1E.zip...
2025-09-12 14:18:43,882 - download - WARNING - Not found: 2025-09-12-DO1E.zip
2025-09-12 14:18:43,882 - download - INFO - Download completed. Files: 1
2025-09-12 14:18:45,251 - download - INFO - INLABS login successful.
2025-09-12 14:18:45,252 - download - INFO - Download directory set up: downloads\2025-09-12
2025-09-12 14:18:45,252 - download - INFO - File already exists: downloads\2025-09-12\2025-09-12-DO1.zip. Skipping download.
2025-09-12 14:18:45,252 - download - INFO - Downloading 2025-09-12-DO1E.zip...
2025-09-12 14:18:45,390 - download - WARNING - Not found: 2025-09-12-DO1E.zip
2025-09-12 14:18:45,390 - download - INFO - Download completed. Files: 1
2025-09-12 14:25:38,661 - download - INFO - INLABS login successful.
2025-09-12 14:25:38,662 - download - INFO - Download directory set up: downloads\2025-09-12
2025-09-12 14:25:38,662 - download - INFO - File already exists: downloads\2025-09-12\2025-09-12-DO1.zip. Skipping download.
2025-09-12 14:25:38,662 - download - INFO - Downloading 2025-09-12-DO1E.zip...
2025-09-12 14:25:38,794 - download - WARNING - Not found: 2025-09-12-DO1E.zip
2025-09-12 14:25:38,794 - download - INFO - Download completed. Files: 1
2025-09-12 14:25:40,098 - download - INFO - INLABS login successful.
2025-09-12 14:25:40,099 - download - INFO - Download directory set up: downloads\2025-09-12
2025-09-12 14:25:40,099 - download - INFO - File already exists: downloads\2025-09-12\2025-09-12-DO1.zip. Skipping download.
2025-09-12 14:25:40,099 - download - INFO - Downloading 2025-09-12-DO1E.zip...
2025-09-12 14:25:40,220 - download - WARNING - Not found: 2025-09-12-DO1E.zip
2025-09-12 14:25:40,221 - download - INFO - Download completed. Files: 1
2025-09-12 14:25:41,503 - download - INFO - INLABS login successful.
2025-09-12 14:25:41,504 - download - INFO - Download directory set up: downloads\2025-09-12
2025-09-12 14:25:41,504 - download - INFO - File already exists: downloads\2025-09-12\2025-09-12-DO1.zip. Skipping download.
2025-09-12 14:25:41,504 - download - INFO - Downloading 2025-09-12-DO1E.zip...
2025-09-12 14:25:41,650 - download - WARNING - Not found: 2025-09-12-DO1E.zip
2025-09-12 14:25:41,650 - download - INFO - Download completed. Files: 1
2025-09-12 14:25:42,892 - download - INFO - INLABS login successful.
2025-09-12 14:25:42,892 - download - INFO - Download directory set up: downloads\2025-09-12
2025-09-12 14:25:42,893 - download - INFO - File already exists: downloads\2025-09-12\2025-09-12-DO1.zip. Skipping download.
2025-09-12 14:25:42,893 - download - INFO - Downloading 2025-09-12-DO1E.zip...
2025-09-12 14:25:43,032 - download - WARNING - Not found: 2025-09-12-DO1E.zip
2025-09-12 14:25:43,033 - download - INFO - Download completed. Files: 1
2025-09-12 14:25:44,385 - download - INFO - INLABS login successful.
2025-09-12 14:25:44,386 - download - INFO - Download directory set up: downloads\2025-09-12
2025-09-12 14:25:44,386 - download - INFO - File already exists: downloads\2025-09-12\2025-09-12-DO1.zip. Skipping download.
2025-09-12 14:25:44,386 - download - INFO - Downloading 2025-09-12-DO1E.zip...
2025-09-12 14:25:44,514 - download - WARNING - Not found: 2025-09-12-DO1E.zip
2025-09-12 14:25:44,514 - download - INFO - Download completed. Files: 1
2025-09-12 14:25:45,815 - download - INFO - INLABS login successful.
2025-09-12 14:25:45,815 - download - INFO - Download directory set up: downloads\2025-09-12
2025-09-12 14:25:45,816 - download - INFO - File already exists: downloads\2025-09-12\2025-09-12-DO1.zip. Skipping download.
2025-09-12 14:25:45,816 - download - INFO - Downloading 2025-09-12-DO1E.zip...
2025-09-12 14:25:45,968 - download - WARNING - Not found: 2025-09-12-DO1E.zip
2025-09-12 14:25:45,968 - download - INFO - Download completed. Files: 1
2025-09-12 14:28:34,021 - download - INFO - INLABS login successful.
2025-09-12 14:28:34,021 - download - INFO - Download directory set up: downloads\2025-09-12
2025-09-12 14:28:34,021 - download - INFO - File already exists: downloads\2025-09-12\2025-09-12-DO1.zip. Skipping download.
2025-09-12 14:28:34,021 - download - INFO - Downloading 2025-09-12-DO1E.zip...
2025-09-12 14:28:34,168 - download - WARNING - Not found: 2025-09-12-DO1E.zip
2025-09-12 14:28:34,168 - download - INFO - Download completed. Files: 1
2025-09-12 14:29:42,618 - download - INFO - INLABS login successful.
2025-09-12 14:29:42,618 - download - INFO - Download directory set up: downloads\2025-09-12
2025-09-12 14:29:42,619 - download - INFO - File already exists: downloads\2025-09-12\2025-09-12-DO1.zip. Skipping download.
2025-09-12 14:29:42,619 - download - INFO - Downloading 2025-09-12-DO1E.zip...
2025-09-12 14:29:42,754 - download - WARNING - Not found: 2025-09-12-DO1E.zip
2025-09-12 14:29:42,754 - download - INFO - Download completed. Files: 1
2025-09-12 14:29:44,069 - download - INFO - INLABS login successful.
2025-09-12 14:29:44,070 - download - INFO - Download directory set up: downloads\2025-09-12
2025-09-12 14:29:44,070 - download - INFO - File already exists: downloads\2025-09-12\2025-09-12-DO1.zip. Skipping download.
2025-09-12 14:29:44,070 - download - INFO - Downloading 2025-09-12-DO1E.zip...
2025-09-12 14:29:44,210 - download - WARNING - Not found: 2025-09-12-DO1E.zip
2025-09-12 14:29:44,210 - download - INFO - Download completed. Files: 1
2025-09-12 14:29:45,507 - download - INFO - INLABS login successful.
2025-09-12 14:29:45,507 - download - INFO - Download directory set up: downloads\2025-09-12
2025-09-12 14:29:45,508 - download - INFO - File already exists: downloads\2025-09-12\2025-09-12-DO1.zip. Skipping download.
2025-09-12 14:29:45,508 - download - INFO - Downloading 2025-09-12-DO1E.zip...
2025-09-12 14:29:45,632 - download - WARNING - Not found: 2025-09-12-DO1E.zip
2025-09-12 14:29:45,632 - download - INFO - Download completed. Files: 1
2025-09-12 14:29:46,856 - download - INFO - INLABS login successful.
2025-09-12 14:29:46,857 - download - INFO - Download directory set up: downloads\2025-09-12
2025-09-12 14:29:46,857 - download - INFO - File already exists: downloads\2025-09-12\2025-09-12-DO1.zip. Skipping download.
2025-09-12 14:29:46,857 - download - INFO - Downloading 2025-09-12-DO1E.zip...
2025-09-12 14:29:46,975 - download - WARNING - Not found: 2025-09-12-DO1E.zip
2025-09-12 14:29:46,975 - download - INFO - Download completed. Files: 1
2025-09-12 14:29:48,287 - download - INFO - INLABS login successful.
2025-09-12 14:29:48,288 - download - INFO - Download directory set up: downloads\2025-09-12
2025-09-12 14:29:48,288 - download - INFO - File already exists: downloads\2025-09-12\2025-09-12-DO1.zip. Skipping download.
2025-09-12 14:29:48,288 - download - INFO - Downloading 2025-09-12-DO1E.zip...
2025-09-12 14:29:48,435 - download - WARNING - Not found: 2025-09-12-DO1E.zip
2025-09-12 14:29:48,435 - download - INFO - Download completed. Files: 1
2025-09-12 14:29:49,806 - download - INFO - INLABS login successful.
2025-09-12 14:29:49,807 - download - INFO - Download directory set up: downloads\2025-09-12
2025-09-12 14:29:49,807 - download - INFO - File already exists: downloads\2025-09-12\2025-09-12-DO1.zip. Skipping download.
2025-09-12 14:29:49,807 - download - INFO - Downloading 2025-09-12-DO1E.zip...
2025-09-12 14:29:49,946 - download - WARNING - Not found: 2025-09-12-DO1E.zip
2025-09-12 14:29:49,946 - download - INFO - Download completed. Files: 1
2025-09-12 14:32:42,563 - download - INFO - INLABS login successful.
2025-09-12 14:32:42,564 - download - INFO - Download directory set up: downloads\2025-09-12
2025-09-12 14:32:42,565 - download - INFO - File already exists: downloads\2025-09-12\2025-09-12-DO1.zip. Skipping download.
2025-09-12 14:32:42,565 - download - INFO - Downloading 2025-09-12-DO1E.zip...
2025-09-12 14:32:42,701 - download - WARNING - Not found: 2025-09-12-DO1E.zip
2025-09-12 14:32:42,702 - download - INFO - Download completed. Files: 1
2025-09-12 14:33:42,146 - download - INFO - INLABS login successful.
2025-09-12 14:33:42,147 - download - INFO - Download directory set up: downloads\2025-09-12
2025-09-12 14:33:42,147 - download - INFO - File already exists: downloads\2025-09-12\2025-09-12-DO1.zip. Skipping download.
2025-09-12 14:33:42,147 - download - INFO - Downloading 2025-09-12-DO1E.zip...
2025-09-12 14:33:42,305 - download - WARNING - Not found: 2025-09-12-DO1E.zip
2025-09-12 14:33:42,306 - download - INFO - Download completed. Files: 1
2025-09-12 14:33:43,646 - download - INFO - INLABS login successful.
2025-09-12 14:33:43,646 - download - INFO - Download directory set up: downloads\2025-09-12
2025-09-12 14:33:43,647 - download - INFO - File already exists: downloads\2025-09-12\2025-09-12-DO1.zip. Skipping download.
2025-09-12 14:33:43,647 - download - INFO - Downloading 2025-09-12-DO1E.zip...
2025-09-12 14:33:43,805 - download - WARNING - Not found: 2025-09-12-DO1E.zip
2025-09-12 14:33:43,805 - download - INFO - Download completed. Files: 1
2025-09-12 14:33:45,327 - download - INFO - INLABS login successful.
2025-09-12 14:33:45,327 - download - INFO - Download directory set up: downloads\2025-09-12
2025-09-12 14:33:45,327 - download - INFO - File already exists: downloads\2025-09-12\2025-09-12-DO1.zip. Skipping download.
2025-09-12 14:33:45,328 - download - INFO - Downloading 2025-09-12-DO1E.zip...
2025-09-12 14:33:45,467 - download - WARNING - Not found: 2025-09-12-DO1E.zip
2025-09-12 14:33:45,467 - download - INFO - Download completed. Files: 1
2025-09-12 14:33:47,261 - download - INFO - INLABS login successful.
2025-09-12 14:33:47,262 - download - INFO - Download directory set up: downloads\2025-09-12
2025-09-12 14:33:47,263 - download - INFO - File already exists: downloads\2025-09-12\2025-09-12-DO1.zip. Skipping download.
2025-09-12 14:33:47,263 - download - INFO - Downloading 2025-09-12-DO1E.zip...
2025-09-12 14:33:47,415 - download - WARNING - Not found: 2025-09-12-DO1E.zip
2025-09-12 14:33:47,416 - download - INFO - Download completed. Files: 1
2025-09-12 14:33:49,215 - download - INFO - INLABS login successful.
2025-09-12 14:33:49,216 - download - INFO - Download directory set up: downloads\2025-09-12
2025-09-12 14:33:49,216 - download - INFO - File already exists: downloads\2025-09-12\2025-09-12-DO1.zip. Skipping download.
2025-09-12 14:33:49,216 - download - INFO - Downloading 2025-09-12-DO1E.zip...
2025-09-12 14:33:49,362 - download - WARNING - Not found: 2025-09-12-DO1E.zip
2025-09-12 14:33:49,362 - download - INFO - Download completed. Files: 1
2025-09-12 14:44:35,985 - download - INFO - INLABS login successful.
2025-09-12 14:44:35,985 - download - INFO - Download directory set up: downloads\2025-09-12
2025-09-12 14:44:35,986 - download - INFO - File already exists: downloads\2025-09-12\2025-09-12-DO1.zip. Skipping download.
2025-09-12 14:44:35,986 - download - INFO - Downloading 2025-09-12-DO1E.zip...
2025-09-12 14:44:36,090 - download - WARNING - Not found: 2025-09-12-DO1E.zip
2025-09-12 14:44:36,090 - download - INFO - Download completed. Files: 1
2025-09-12 14:44:38,882 - download - INFO - INLABS login successful.
2025-09-12 14:44:38,883 - download - INFO - Download directory set up: downloads\2025-09-12
2025-09-12 14:44:38,884 - download - INFO - File already exists: downloads\2025-09-12\2025-09-12-DO1.zip. Skipping download.
2025-09-12 14:44:38,884 - download - INFO - Downloading 2025-09-12-DO1E.zip...
2025-09-12 14:44:39,026 - download - WARNING - Not found: 2025-09-12-DO1E.zip
2025-09-12 14:44:39,026 - download - INFO - Download completed. Files: 1
2025-09-12 14:44:40,529 - download - INFO - INLABS login successful.
2025-09-12 14:44:40,530 - download - INFO - Download directory set up: downloads\2025-09-12
2025-09-12 14:44:40,530 - download - INFO - File already exists: downloads\2025-09-12\2025-09-12-DO1.zip. Skipping download.
2025-09-12 14:44:40,530 - download - INFO - Downloading 2025-09-12-DO1E.zip...
2025-09-12 14:44:40,667 - download - WARNING - Not found: 2025-09-12-DO1E.zip
2025-09-12 14:44:40,667 - download - INFO - Download completed. Files: 1
2025-09-12 14:44:41,935 - download - INFO - INLABS login successful.
2025-09-12 14:44:41,935 - download - INFO - Download directory set up: downloads\2025-09-12
2025-09-12 14:44:41,936 - download - INFO - File already exists: downloads\2025-09-12\2025-09-12-DO1.zip. Skipping download.
2025-09-12 14:44:41,936 - download - INFO - Downloading 2025-09-12-DO1E.zip...
2025-09-12 14:44:42,072 - download - WARNING - Not found: 2025-09-12-DO1E.zip
2025-09-12 14:44:42,073 - download - INFO - Download completed. Files: 1
2025-09-12 14:44:43,577 - download - INFO - INLABS login successful.
2025-09-12 14:44:43,578 - download - INFO - Download directory set up: downloads\2025-09-12
2025-09-12 14:44:43,578 - download - INFO - File already exists: downloads\2025-09-12\2025-09-12-DO1.zip. Skipping download.
2025-09-12 14:44:43,578 - download - INFO - Downloading 2025-09-12-DO1E.zip...
2025-09-12 14:44:43,727 - download - WARNING - Not found: 2025-09-12-DO1E.zip
2025-09-12 14:44:43,727 - download - INFO - Download completed. Files: 1
2025-09-12 14:44:44,996 - download - INFO - INLABS login successful.
2025-09-12 14:44:44,997 - download - INFO - Download directory set up: downloads\2025-09-12
2025-09-12 14:44:44,997 - download - INFO - File already exists: downloads\2025-09-12\2025-09-12-DO1.zip. Skipping download.
2025-09-12 14:44:44,997 - download - INFO - Downloading 2025-09-12-DO1E.zip...
2025-09-12 14:44:45,141 - download - WARNING - Not found: 2025-09-12-DO1E.zip
2025-09-12 14:44:45,141 - download - INFO - Download completed. Files: 1
