2025-09-12 13:37:23,741 - notify - INFO - No matches to notify.
2025-09-12 13:37:38,949 - notify - INFO - Retrieved 1 registered emails.
2025-09-12 13:37:38,949 - notify - INFO - Sending notifications to 1 emails for 1 matches.
2025-09-12 13:37:41,768 - notify - ERROR - SMTP authentication error: (535, b'5.7.8 Username and Password not accepted. For more information, go to\n5.7.8  https://support.google.com/mail/?p=BadCredentials 98e67ed59e1d1-32df5d2a7c7sm1192796a91.2 - gsmtp'). Check SMTP_USER and SMTP_PASS.
2025-09-12 13:38:14,791 - notify - INFO - Retrieved 1 registered emails.
2025-09-12 13:38:14,791 - notify - INFO - Sending notifications to 1 emails for 1 matches.
2025-09-12 13:38:16,464 - notify - ERROR - SMTP authentication error: (535, b'5.7.8 Username and Password not accepted. For more information, go to\n5.7.8  https://support.google.com/mail/?p=BadCredentials d2e1a72fcca58-7760793bc1csm6047383b3a.18 - gsmtp'). Check SMTP_USER and SMTP_PASS.
2025-09-12 13:39:23,678 - notify - INFO - Retrieved 1 registered emails.
2025-09-12 13:39:23,678 - notify - INFO - Sending notifications to 1 emails for 1 matches.
2025-09-12 13:39:25,489 - notify - ERROR - SMTP authentication error: (535, b'5.7.8 Username and Password not accepted. For more information, go to\n5.7.8  https://support.google.com/mail/?p=BadCredentials d2e1a72fcca58-77607a48c19sm5942370b3a.36 - gsmtp'). Check SMTP_USER and SMTP_PASS.
2025-09-12 13:42:57,350 - notify - INFO - Retrieved 1 registered emails.
2025-09-12 13:42:57,350 - notify - INFO - Sending notifications to 1 emails for 1 matches.
2025-09-12 13:42:59,143 - notify - ERROR - SMTP authentication error: (534, b'5.7.9 Application-specific password required. For more information, go to\n5.7.9  https://support.google.com/mail/?p=InvalidSecondFactor d9443c01a7336-25fc92ebb21sm4235915ad.69 - gsmtp'). Check SMTP_USER and SMTP_PASS.
2025-09-12 13:45:48,749 - notify - INFO - Retrieved 1 registered emails.
2025-09-12 13:45:48,749 - notify - INFO - Sending notifications to 1 emails for 1 matches.
2025-09-12 13:45:58,939 - notify - ERROR - SMTP server disconnected: Connection unexpectedly closed
2025-09-12 13:46:44,485 - notify - INFO - Retrieved 1 registered emails.
2025-09-12 13:46:44,485 - notify - INFO - Sending notifications to 1 emails for 1 matches.
2025-09-12 13:46:45,744 - notify - ERROR - SMTP authentication error: (534, b'5.7.9 Application-specific password required. For more information, go to\n5.7.9  https://support.google.com/mail/?p=InvalidSecondFactor d2e1a72fcca58-776158bc82fsm2654167b3a.23 - gsmtp'). Check SMTP_USER and SMTP_PASS.
2025-09-12 13:47:40,947 - notify - INFO - Retrieved 1 registered emails.
2025-09-12 13:47:40,947 - notify - INFO - Sending notifications to 1 emails for 1 matches.
2025-09-12 13:47:41,780 - notify - INFO - SMTP connection and login successful.
2025-09-12 13:47:43,682 - notify - INFO - Notification sent to educmaia@gmail.com
2025-09-12 13:47:43,873 - notify - INFO - All 1 notifications sent successfully.
2025-09-12 13:50:15,981 - notify - INFO - Retrieved 1 registered emails.
2025-09-12 13:50:15,981 - notify - INFO - Sending notifications to 1 emails for 1 matches.
2025-09-12 13:50:17,362 - notify - INFO - SMTP connection and login successful.
2025-09-12 13:50:19,226 - notify - INFO - Notification sent to educmaia@gmail.com
2025-09-12 13:50:19,412 - notify - INFO - All 1 notifications sent successfully.
