2025-09-12 10:35:55,598 - search - INFO - Starting download for today's DOU XMLs.
2025-09-12 10:36:00,855 - search - INFO - Starting extraction of articles.
2025-09-12 10:36:13,639 - search - WARNING - No articles extracted.
2025-09-12 10:37:29,733 - search - INFO - Starting download for today's DOU XMLs.
2025-09-12 10:37:32,129 - search - INFO - Starting extraction of articles.
2025-09-12 10:37:40,163 - search - WARNING - No articles extracted.
2025-09-12 10:52:20,811 - search - INFO - Starting download for today's DOU XMLs.
2025-09-12 10:52:24,590 - search - INFO - Starting extraction of articles.
2025-09-12 10:52:41,203 - search - INFO - Searching 429 articles for terms.
2025-09-12 10:52:41,226 - search - INFO - Search completed. Found 0 matching articles.
2025-09-12 10:55:09,287 - search - INFO - Starting download for today's DOU XMLs.
2025-09-12 10:55:11,430 - search - INFO - Starting extraction of articles.
2025-09-12 10:55:28,560 - search - INFO - Searching 429 articles for terms.
2025-09-12 10:55:28,588 - search - INFO - Search completed. Found 0 matching articles.
2025-09-12 10:55:54,330 - search - INFO - Starting download for today's DOU XMLs.
2025-09-12 10:55:59,473 - search - INFO - Starting extraction of articles.
2025-09-12 10:56:15,210 - search - INFO - Searching 429 articles for terms.
2025-09-12 10:56:15,234 - search - INFO - Search completed. Found 0 matching articles.
2025-09-12 11:06:33,167 - search - INFO - Starting download for today's DOU XMLs.
2025-09-12 11:06:36,987 - search - INFO - Starting extraction of articles.
2025-09-12 11:06:56,268 - search - INFO - Searching 429 articles for terms.
2025-09-12 11:06:56,269 - search - INFO - Match found in 515_20250912_23098290.xml (DO1): ['Conselho Nacional']
2025-09-12 11:06:56,270 - search - INFO - Match found in 515_20250912_23098413.xml (DO1): ['Conselho Nacional']
2025-09-12 11:06:56,270 - search - INFO - Match found in 515_20250912_23098414.xml (DO1): ['Conselho Nacional']
2025-09-12 11:06:56,270 - search - INFO - Match found in 515_20250912_23098415.xml (DO1): ['Conselho Nacional']
2025-09-12 11:06:56,271 - search - INFO - Match found in 515_20250912_23098416.xml (DO1): ['Conselho Nacional']
2025-09-12 11:06:56,271 - search - INFO - Match found in 515_20250912_23098417.xml (DO1): ['Conselho Nacional']
2025-09-12 11:06:56,271 - search - INFO - Match found in 515_20250912_23098418.xml (DO1): ['Conselho Nacional']
2025-09-12 11:06:56,271 - search - INFO - Match found in 515_20250912_23098419.xml (DO1): ['Conselho Nacional']
2025-09-12 11:06:56,290 - search - INFO - Match found in 515_20250912_23099771.xml (DO1): ['Conselho Nacional']
2025-09-12 11:06:56,292 - search - INFO - Match found in 515_20250912_23099924.xml (DO1): ['Conselho Nacional']
2025-09-12 11:06:56,293 - search - INFO - Match found in 515_20250912_23100020.xml (DO1): ['Conselho Nacional']
2025-09-12 11:06:56,296 - search - INFO - Match found in 515_20250912_23101121.xml (DO1): ['Conselho Nacional']
2025-09-12 11:06:56,300 - search - INFO - Match found in 515_20250912_23101840-1.xml (DO1): ['Conselho Nacional']
2025-09-12 11:06:56,302 - search - INFO - Match found in 515_20250912_23101840-3.xml (DO1): ['Conselho Nacional']
2025-09-12 11:06:56,303 - search - INFO - Match found in 515_20250912_23101840-5.xml (DO1): ['Conselho Nacional']
2025-09-12 11:06:56,311 - search - INFO - Match found in 515_20250912_23102442.xml (DO1): ['Conselho Nacional']
2025-09-12 11:06:56,312 - search - INFO - Search completed. Found 16 matching articles.
2025-09-12 13:37:04,076 - search - INFO - Starting download for today's DOU XMLs.
2025-09-12 13:37:07,850 - search - INFO - Starting extraction of articles.
2025-09-12 13:37:23,719 - search - INFO - Searching 429 articles for terms.
2025-09-12 13:37:23,741 - search - INFO - Search completed. Found 0 matching articles.
2025-09-12 13:49:51,276 - search - INFO - Starting download for today's DOU XMLs.
2025-09-12 13:49:54,377 - search - INFO - Starting extraction of articles.
2025-09-12 13:50:10,328 - search - INFO - Searching 429 articles for terms.
2025-09-12 13:50:10,359 - search - INFO - Search completed. Found 0 matching articles.
2025-09-12 13:50:52,712 - search - INFO - Starting download for today's DOU XMLs.
2025-09-12 13:50:53,939 - search - INFO - Starting extraction of articles.
2025-09-12 13:51:10,128 - search - INFO - Searching 429 articles for terms.
2025-09-12 13:51:10,157 - search - INFO - Search completed. Found 0 matching articles.
2025-09-12 13:52:11,265 - search - INFO - Starting download for today's DOU XMLs.
2025-09-12 13:52:12,241 - search - INFO - Starting extraction of articles.
2025-09-12 13:52:12,368 - search - INFO - Searching 429 articles for terms.
2025-09-12 13:52:12,384 - search - INFO - Search completed. Found 0 matching articles.
2025-09-12 13:58:22,800 - search - INFO - Starting download for today's DOU XMLs.
2025-09-12 13:58:24,354 - search - INFO - Starting extraction of articles.
2025-09-12 13:58:24,594 - search - INFO - Searching 429 articles for terms.
2025-09-12 13:58:24,613 - search - INFO - Search completed. Found 0 matching articles.
2025-09-12 13:58:33,133 - search - INFO - Starting download for today's DOU XMLs.
2025-09-12 13:58:34,513 - search - INFO - Starting extraction of articles.
2025-09-12 13:58:34,725 - search - INFO - Searching 429 articles for terms.
2025-09-12 13:58:34,736 - search - INFO - Match found in 515_20250912_23100172.xml (DO1): ['Ministério da Educação']
2025-09-12 13:58:34,737 - search - INFO - Match found in 515_20250912_23100177.xml (DO1): ['Ministério da Educação']
2025-09-12 13:58:34,738 - search - INFO - Match found in 515_20250912_23100846.xml (DO1): ['Ministério da Educação']
2025-09-12 13:58:34,740 - search - INFO - Match found in 515_20250912_23101771-1.xml (DO1): ['Ministério da Educação']
2025-09-12 13:58:34,745 - search - INFO - Search completed. Found 4 matching articles.
2025-09-12 14:09:18,267 - search - INFO - Starting download for today's DOU XMLs.
2025-09-12 14:09:20,605 - search - INFO - Starting extraction of articles.
2025-09-12 14:09:20,811 - search - INFO - Searching 429 articles for terms.
2025-09-12 14:09:20,827 - search - INFO - Search completed. Found 0 matching articles.
2025-09-12 14:09:58,556 - search - INFO - Starting download for today's DOU XMLs.
2025-09-12 14:10:00,140 - search - INFO - Starting extraction of articles.
2025-09-12 14:10:00,336 - search - INFO - Searching 429 articles for terms.
2025-09-12 14:10:00,353 - search - INFO - Search completed. Found 0 matching articles.
2025-09-12 14:10:04,174 - search - INFO - Starting download for today's DOU XMLs.
2025-09-12 14:10:05,835 - search - INFO - Starting extraction of articles.
2025-09-12 14:10:06,031 - search - INFO - Searching 429 articles for terms.
2025-09-12 14:10:06,048 - search - INFO - Search completed. Found 0 matching articles.
2025-09-12 14:10:08,305 - search - INFO - Starting download for today's DOU XMLs.
2025-09-12 14:10:09,807 - search - INFO - Starting extraction of articles.
2025-09-12 14:10:10,026 - search - INFO - Searching 429 articles for terms.
2025-09-12 14:10:10,050 - search - INFO - Search completed. Found 0 matching articles.
2025-09-12 14:10:12,723 - search - INFO - Starting download for today's DOU XMLs.
2025-09-12 14:10:14,000 - search - INFO - Starting extraction of articles.
2025-09-12 14:10:14,213 - search - INFO - Searching 429 articles for terms.
2025-09-12 14:10:14,245 - search - INFO - Search completed. Found 0 matching articles.
2025-09-12 14:10:25,458 - search - INFO - Starting download for today's DOU XMLs.
2025-09-12 14:10:26,868 - search - INFO - Starting extraction of articles.
2025-09-12 14:10:27,060 - search - INFO - Searching 429 articles for terms.
2025-09-12 14:10:27,081 - search - INFO - Search completed. Found 0 matching articles.
2025-09-12 14:10:29,576 - search - INFO - Starting download for today's DOU XMLs.
2025-09-12 14:10:30,829 - search - INFO - Starting extraction of articles.
2025-09-12 14:10:31,052 - search - INFO - Searching 429 articles for terms.
2025-09-12 14:10:31,068 - search - INFO - Match found in 515_20250912_23102038-4.xml (DO1): ['589/2025']
2025-09-12 14:10:31,071 - search - INFO - Search completed. Found 1 matching articles.
2025-09-12 14:12:41,353 - search - INFO - Starting download for today's DOU XMLs.
2025-09-12 14:12:43,117 - search - INFO - Starting extraction of articles.
2025-09-12 14:12:43,441 - search - INFO - Searching 429 articles for terms.
2025-09-12 14:12:43,465 - search - INFO - Match found in 515_20250912_23102038-4.xml (DO1): ['589/2025']
2025-09-12 14:12:43,469 - search - INFO - Search completed. Found 1 matching articles.
2025-09-12 14:12:47,509 - search - INFO - Starting download for today's DOU XMLs.
2025-09-12 14:12:49,022 - search - INFO - Starting extraction of articles.
2025-09-12 14:12:49,259 - search - INFO - Searching 429 articles for terms.
2025-09-12 14:12:49,277 - search - INFO - Match found in 515_20250912_23102038-4.xml (DO1): ['589/2025']
2025-09-12 14:12:49,280 - search - INFO - Search completed. Found 1 matching articles.
2025-09-12 14:13:01,477 - search - INFO - Starting download for today's DOU XMLs.
2025-09-12 14:13:02,549 - search - INFO - Starting extraction of articles.
2025-09-12 14:13:02,672 - search - INFO - Searching 429 articles for terms.
2025-09-12 14:13:02,686 - search - INFO - Match found in 515_20250912_23102038-4.xml (DO1): ['589/2025']
2025-09-12 14:13:02,688 - search - INFO - Search completed. Found 1 matching articles.
2025-09-12 14:13:23,873 - search - INFO - Starting download for today's DOU XMLs.
2025-09-12 14:13:25,302 - search - INFO - Starting extraction of articles.
2025-09-12 14:13:25,476 - search - INFO - Searching 429 articles for terms.
2025-09-12 14:13:25,491 - search - INFO - Match found in 515_20250912_23102038-4.xml (DO1): ['589/2025']
2025-09-12 14:13:25,494 - search - INFO - Search completed. Found 1 matching articles.
2025-09-12 14:13:28,781 - search - INFO - Starting download for today's DOU XMLs.
2025-09-12 14:13:29,950 - search - INFO - Starting extraction of articles.
2025-09-12 14:13:30,197 - search - INFO - Searching 429 articles for terms.
2025-09-12 14:13:30,220 - search - INFO - Search completed. Found 0 matching articles.
2025-09-12 14:13:32,744 - search - INFO - Starting download for today's DOU XMLs.
2025-09-12 14:13:34,022 - search - INFO - Starting extraction of articles.
2025-09-12 14:13:34,264 - search - INFO - Searching 429 articles for terms.
2025-09-12 14:13:34,286 - search - INFO - Match found in 515_20250912_23102038-4.xml (DO1): ['589/2025']
2025-09-12 14:13:34,289 - search - INFO - Search completed. Found 1 matching articles.
2025-09-12 14:14:38,566 - search - INFO - Starting download for today's DOU XMLs.
2025-09-12 14:14:40,222 - search - INFO - Starting extraction of articles.
2025-09-12 14:14:40,426 - search - INFO - Searching 429 articles for terms.
2025-09-12 14:14:40,443 - search - INFO - Match found in 515_20250912_23102038-4.xml (DO1): ['589/2025']
2025-09-12 14:14:40,446 - search - INFO - Search completed. Found 1 matching articles.
2025-09-12 14:18:36,184 - search - INFO - Starting download for today's DOU XMLs.
2025-09-12 14:18:37,505 - search - INFO - Starting extraction of articles.
2025-09-12 14:18:37,725 - search - INFO - Searching 429 articles for terms.
2025-09-12 14:18:37,743 - search - INFO - Search completed. Found 0 matching articles.
2025-09-12 14:18:37,744 - search - INFO - Starting download for today's DOU XMLs.
2025-09-12 14:18:39,094 - search - INFO - Starting extraction of articles.
2025-09-12 14:18:39,295 - search - INFO - Searching 429 articles for terms.
2025-09-12 14:18:39,304 - search - INFO - Match found in 515_20250912_23099139.xml (DO1): ['4 de setembro de 2025']
2025-09-12 14:18:39,306 - search - INFO - Match found in 515_20250912_23099886.xml (DO1): ['4 de setembro de 2025']
2025-09-12 14:18:39,307 - search - INFO - Match found in 515_20250912_23100131.xml (DO1): ['4 de setembro de 2025']
2025-09-12 14:18:39,307 - search - INFO - Match found in 515_20250912_23100205.xml (DO1): ['4 de setembro de 2025']
2025-09-12 14:18:39,309 - search - INFO - Match found in 515_20250912_23101805.xml (DO1): ['4 de setembro de 2025']
2025-09-12 14:18:39,317 - search - INFO - Match found in 515_20250912_23102402.xml (DO1): ['4 de setembro de 2025']
2025-09-12 14:18:39,318 - search - INFO - Search completed. Found 6 matching articles.
2025-09-12 14:18:39,318 - search - INFO - Starting download for today's DOU XMLs.
2025-09-12 14:18:40,790 - search - INFO - Starting extraction of articles.
2025-09-12 14:18:40,983 - search - INFO - Searching 429 articles for terms.
2025-09-12 14:18:41,006 - search - INFO - Match found in 515_20250912_23102038-4.xml (DO1): ['589/2025']
2025-09-12 14:18:41,011 - search - INFO - Search completed. Found 1 matching articles.
2025-09-12 14:18:41,012 - search - INFO - Starting download for today's DOU XMLs.
2025-09-12 14:18:42,350 - search - INFO - Starting extraction of articles.
2025-09-12 14:18:42,548 - search - INFO - Searching 429 articles for terms.
2025-09-12 14:18:42,570 - search - INFO - Search completed. Found 0 matching articles.
2025-09-12 14:18:42,571 - search - INFO - Starting download for today's DOU XMLs.
2025-09-12 14:18:43,882 - search - INFO - Starting extraction of articles.
2025-09-12 14:18:44,115 - search - INFO - Searching 429 articles for terms.
2025-09-12 14:18:44,134 - search - INFO - Search completed. Found 0 matching articles.
2025-09-12 14:18:44,135 - search - INFO - Starting download for today's DOU XMLs.
2025-09-12 14:18:45,391 - search - INFO - Starting extraction of articles.
2025-09-12 14:18:45,598 - search - INFO - Searching 429 articles for terms.
2025-09-12 14:18:45,616 - search - INFO - Search completed. Found 0 matching articles.
2025-09-12 14:25:36,401 - search - INFO - Starting download for today's DOU XMLs.
2025-09-12 14:25:38,795 - search - INFO - Starting extraction of articles.
2025-09-12 14:25:38,990 - search - INFO - Searching 429 articles for terms.
2025-09-12 14:25:39,009 - search - INFO - Search completed. Found 0 matching articles.
2025-09-12 14:25:39,009 - search - INFO - Starting download for today's DOU XMLs.
2025-09-12 14:25:40,221 - search - INFO - Starting extraction of articles.
2025-09-12 14:25:40,423 - search - INFO - Searching 429 articles for terms.
2025-09-12 14:25:40,433 - search - INFO - Match found in 515_20250912_23099139.xml (DO1): ['4 de setembro de 2025']
2025-09-12 14:25:40,434 - search - INFO - Match found in 515_20250912_23099886.xml (DO1): ['4 de setembro de 2025']
2025-09-12 14:25:40,435 - search - INFO - Match found in 515_20250912_23100131.xml (DO1): ['4 de setembro de 2025']
2025-09-12 14:25:40,435 - search - INFO - Match found in 515_20250912_23100205.xml (DO1): ['4 de setembro de 2025']
2025-09-12 14:25:40,438 - search - INFO - Match found in 515_20250912_23101805.xml (DO1): ['4 de setembro de 2025']
2025-09-12 14:25:40,442 - search - INFO - Match found in 515_20250912_23102402.xml (DO1): ['4 de setembro de 2025']
2025-09-12 14:25:40,443 - search - INFO - Search completed. Found 6 matching articles.
2025-09-12 14:25:40,444 - search - INFO - Starting download for today's DOU XMLs.
2025-09-12 14:25:41,650 - search - INFO - Starting extraction of articles.
2025-09-12 14:25:41,836 - search - INFO - Searching 429 articles for terms.
2025-09-12 14:25:41,850 - search - INFO - Match found in 515_20250912_23102038-4.xml (DO1): ['589/2025']
2025-09-12 14:25:41,853 - search - INFO - Search completed. Found 1 matching articles.
2025-09-12 14:25:41,853 - search - INFO - Starting download for today's DOU XMLs.
2025-09-12 14:25:43,033 - search - INFO - Starting extraction of articles.
2025-09-12 14:25:43,226 - search - INFO - Searching 429 articles for terms.
2025-09-12 14:25:43,244 - search - INFO - Search completed. Found 0 matching articles.
2025-09-12 14:25:43,244 - search - INFO - Starting download for today's DOU XMLs.
2025-09-12 14:25:44,514 - search - INFO - Starting extraction of articles.
2025-09-12 14:25:44,737 - search - INFO - Searching 429 articles for terms.
2025-09-12 14:25:44,754 - search - INFO - Search completed. Found 0 matching articles.
2025-09-12 14:25:44,755 - search - INFO - Starting download for today's DOU XMLs.
2025-09-12 14:25:45,968 - search - INFO - Starting extraction of articles.
2025-09-12 14:25:46,172 - search - INFO - Searching 429 articles for terms.
2025-09-12 14:25:46,189 - search - INFO - Search completed. Found 0 matching articles.
2025-09-12 14:28:33,208 - search - INFO - Starting download for today's DOU XMLs.
2025-09-12 14:28:34,168 - search - INFO - Starting extraction of articles.
2025-09-12 14:28:44,781 - search - INFO - Searching 429 articles for terms.
2025-09-12 14:28:44,811 - search - INFO - Match found in 515_20250912_23102038-4.xml (DO1): ['589/2025']
2025-09-12 14:28:44,816 - search - INFO - Search completed. Found 1 matching articles.
2025-09-12 14:29:41,248 - search - INFO - Starting download for today's DOU XMLs.
2025-09-12 14:29:42,755 - search - INFO - Starting extraction of articles.
2025-09-12 14:29:42,987 - search - INFO - Searching 429 articles for terms.
2025-09-12 14:29:43,004 - search - INFO - Search completed. Found 0 matching articles.
2025-09-12 14:29:43,005 - search - INFO - Starting download for today's DOU XMLs.
2025-09-12 14:29:44,211 - search - INFO - Starting extraction of articles.
2025-09-12 14:29:44,421 - search - INFO - Searching 429 articles for terms.
2025-09-12 14:29:44,430 - search - INFO - Match found in 515_20250912_23099139.xml (DO1): ['4 de setembro de 2025']
2025-09-12 14:29:44,431 - search - INFO - Match found in 515_20250912_23099886.xml (DO1): ['4 de setembro de 2025']
2025-09-12 14:29:44,432 - search - INFO - Match found in 515_20250912_23100131.xml (DO1): ['4 de setembro de 2025']
2025-09-12 14:29:44,432 - search - INFO - Match found in 515_20250912_23100205.xml (DO1): ['4 de setembro de 2025']
2025-09-12 14:29:44,434 - search - INFO - Match found in 515_20250912_23101805.xml (DO1): ['4 de setembro de 2025']
2025-09-12 14:29:44,438 - search - INFO - Match found in 515_20250912_23102402.xml (DO1): ['4 de setembro de 2025']
2025-09-12 14:29:44,439 - search - INFO - Search completed. Found 6 matching articles.
2025-09-12 14:29:44,439 - search - INFO - Starting download for today's DOU XMLs.
2025-09-12 14:29:45,633 - search - INFO - Starting extraction of articles.
2025-09-12 14:29:45,869 - search - INFO - Searching 429 articles for terms.
2025-09-12 14:29:45,884 - search - INFO - Match found in 515_20250912_23102038-4.xml (DO1): ['589/2025']
2025-09-12 14:29:45,886 - search - INFO - Search completed. Found 1 matching articles.
2025-09-12 14:29:45,887 - search - INFO - Starting download for today's DOU XMLs.
2025-09-12 14:29:46,975 - search - INFO - Starting extraction of articles.
2025-09-12 14:29:47,217 - search - INFO - Searching 429 articles for terms.
2025-09-12 14:29:47,235 - search - INFO - Search completed. Found 0 matching articles.
2025-09-12 14:29:47,235 - search - INFO - Starting download for today's DOU XMLs.
2025-09-12 14:29:48,435 - search - INFO - Starting extraction of articles.
2025-09-12 14:29:48,646 - search - INFO - Searching 429 articles for terms.
2025-09-12 14:29:48,672 - search - INFO - Search completed. Found 0 matching articles.
2025-09-12 14:29:48,673 - search - INFO - Starting download for today's DOU XMLs.
2025-09-12 14:29:49,946 - search - INFO - Starting extraction of articles.
2025-09-12 14:29:50,178 - search - INFO - Searching 429 articles for terms.
2025-09-12 14:29:50,195 - search - INFO - Search completed. Found 0 matching articles.
2025-09-12 14:32:41,795 - search - INFO - Starting download for today's DOU XMLs.
2025-09-12 14:32:42,702 - search - INFO - Starting extraction of articles.
2025-09-12 14:32:51,446 - search - INFO - Searching 429 articles for terms.
2025-09-12 14:32:51,470 - search - INFO - Match found in 515_20250912_23102038-4.xml (DO1): ['589/2025']
2025-09-12 14:32:51,475 - search - INFO - Search completed. Found 1 matching articles.
2025-09-12 14:33:40,019 - search - INFO - Starting download for today's DOU XMLs.
2025-09-12 14:33:42,306 - search - INFO - Starting extraction of articles.
2025-09-12 14:33:42,525 - search - INFO - Searching 429 articles for terms.
2025-09-12 14:33:42,543 - search - INFO - Search completed. Found 0 matching articles.
2025-09-12 14:33:42,544 - search - INFO - Starting download for today's DOU XMLs.
2025-09-12 14:33:43,806 - search - INFO - Starting extraction of articles.
2025-09-12 14:33:44,197 - search - INFO - Searching 429 articles for terms.
2025-09-12 14:33:44,208 - search - INFO - Match found in 515_20250912_23099139.xml (DO1): ['4 de setembro de 2025']
2025-09-12 14:33:44,210 - search - INFO - Match found in 515_20250912_23099886.xml (DO1): ['4 de setembro de 2025']
2025-09-12 14:33:44,211 - search - INFO - Match found in 515_20250912_23100131.xml (DO1): ['4 de setembro de 2025']
2025-09-12 14:33:44,211 - search - INFO - Match found in 515_20250912_23100205.xml (DO1): ['4 de setembro de 2025']
2025-09-12 14:33:44,214 - search - INFO - Match found in 515_20250912_23101805.xml (DO1): ['4 de setembro de 2025']
2025-09-12 14:33:44,219 - search - INFO - Match found in 515_20250912_23102402.xml (DO1): ['4 de setembro de 2025']
2025-09-12 14:33:44,220 - search - INFO - Search completed. Found 6 matching articles.
2025-09-12 14:33:44,221 - search - INFO - Starting download for today's DOU XMLs.
2025-09-12 14:33:45,467 - search - INFO - Starting extraction of articles.
2025-09-12 14:33:45,756 - search - INFO - Searching 429 articles for terms.
2025-09-12 14:33:45,776 - search - INFO - Match found in 515_20250912_23102038-4.xml (DO1): ['589/2025']
2025-09-12 14:33:45,780 - search - INFO - Search completed. Found 1 matching articles.
2025-09-12 14:33:45,780 - search - INFO - Starting download for today's DOU XMLs.
2025-09-12 14:33:47,416 - search - INFO - Starting extraction of articles.
2025-09-12 14:33:47,903 - search - INFO - Searching 429 articles for terms.
2025-09-12 14:33:47,929 - search - INFO - Search completed. Found 0 matching articles.
2025-09-12 14:33:47,931 - search - INFO - Starting download for today's DOU XMLs.
2025-09-12 14:33:49,362 - search - INFO - Starting extraction of articles.
2025-09-12 14:33:49,670 - search - INFO - Searching 429 articles for terms.
2025-09-12 14:33:49,693 - search - INFO - Search completed. Found 0 matching articles.
2025-09-12 14:33:49,694 - search - INFO - Starting download for today's DOU XMLs.
2025-09-12 14:44:34,683 - search - INFO - Starting download for today's DOU XMLs.
2025-09-12 14:44:36,090 - search - INFO - Starting extraction of articles.
2025-09-12 14:44:37,629 - search - INFO - Searching 429 articles for terms.
2025-09-12 14:44:37,645 - search - INFO - Search completed. Found 0 matching articles.
2025-09-12 14:44:37,645 - search - INFO - Starting download for today's DOU XMLs.
2025-09-12 14:44:39,026 - search - INFO - Starting extraction of articles.
2025-09-12 14:44:39,224 - search - INFO - Searching 429 articles for terms.
2025-09-12 14:44:39,234 - search - INFO - Match found in 515_20250912_23099139.xml (DO1): ['4 de setembro de 2025']
2025-09-12 14:44:39,235 - search - INFO - Match found in 515_20250912_23099886.xml (DO1): ['4 de setembro de 2025']
2025-09-12 14:44:39,236 - search - INFO - Match found in 515_20250912_23100131.xml (DO1): ['4 de setembro de 2025']
2025-09-12 14:44:39,236 - search - INFO - Match found in 515_20250912_23100205.xml (DO1): ['4 de setembro de 2025']
2025-09-12 14:44:39,238 - search - INFO - Match found in 515_20250912_23101805.xml (DO1): ['4 de setembro de 2025']
2025-09-12 14:44:39,242 - search - INFO - Match found in 515_20250912_23102402.xml (DO1): ['4 de setembro de 2025']
2025-09-12 14:44:39,243 - search - INFO - Search completed. Found 6 matching articles.
2025-09-12 14:44:39,243 - search - INFO - Starting download for today's DOU XMLs.
2025-09-12 14:44:40,667 - search - INFO - Starting extraction of articles.
2025-09-12 14:44:40,884 - search - INFO - Searching 429 articles for terms.
2025-09-12 14:44:40,899 - search - INFO - Match found in 515_20250912_23102038-4.xml (DO1): ['589/2025']
2025-09-12 14:44:40,902 - search - INFO - Search completed. Found 1 matching articles.
2025-09-12 14:44:40,902 - search - INFO - Starting download for today's DOU XMLs.
2025-09-12 14:44:42,073 - search - INFO - Starting extraction of articles.
2025-09-12 14:44:42,291 - search - INFO - Searching 429 articles for terms.
2025-09-12 14:44:42,307 - search - INFO - Search completed. Found 0 matching articles.
2025-09-12 14:44:42,308 - search - INFO - Starting download for today's DOU XMLs.
2025-09-12 14:44:43,728 - search - INFO - Starting extraction of articles.
2025-09-12 14:44:43,923 - search - INFO - Searching 429 articles for terms.
2025-09-12 14:44:43,940 - search - INFO - Search completed. Found 0 matching articles.
2025-09-12 14:44:43,940 - search - INFO - Starting download for today's DOU XMLs.
2025-09-12 14:44:45,141 - search - INFO - Starting extraction of articles.
2025-09-12 14:44:45,342 - search - INFO - Searching 429 articles for terms.
2025-09-12 14:44:45,359 - search - INFO - Search completed. Found 0 matching articles.
